<?xml version="1.0" encoding="UTF-8" ?>
<testsuite errors="0" failures="0" hostname="MacAirHeWu.local" name="org.hermit.test.astro.TestPosition" tests="11" time="0.078" timestamp="2013-05-19T02:27:36">
  <properties>
    <property name="java.vendor" value="Oracle Corporation" />
    <property name="sun.java.launcher" value="SUN_STANDARD" />
    <property name="sun.management.compiler" value="HotSpot 64-Bit Tiered Compilers" />
    <property name="os.name" value="Mac OS X" />
    <property name="sun.boot.class.path" value="/Library/Java/JavaVirtualMachines/jdk1.7.0_21.jdk/Contents/Home/jre/lib/resources.jar:/Library/Java/JavaVirtualMachines/jdk1.7.0_21.jdk/Contents/Home/jre/lib/rt.jar:/Library/Java/JavaVirtualMachines/jdk1.7.0_21.jdk/Contents/Home/jre/lib/sunrsasign.jar:/Library/Java/JavaVirtualMachines/jdk1.7.0_21.jdk/Contents/Home/jre/lib/jsse.jar:/Library/Java/JavaVirtualMachines/jdk1.7.0_21.jdk/Contents/Home/jre/lib/jce.jar:/Library/Java/JavaVirtualMachines/jdk1.7.0_21.jdk/Contents/Home/jre/lib/charsets.jar:/Library/Java/JavaVirtualMachines/jdk1.7.0_21.jdk/Contents/Home/jre/lib/jfr.jar:/Library/Java/JavaVirtualMachines/jdk1.7.0_21.jdk/Contents/Home/jre/lib/JObjC.jar:/Library/Java/JavaVirtualMachines/jdk1.7.0_21.jdk/Contents/Home/jre/classes" />
    <property name="java.vm.specification.vendor" value="Oracle Corporation" />
    <property name="ant.home" value="/usr/share/ant" />
    <property name="java.runtime.version" value="1.7.0_21-b12" />
    <property name="ant.file.HermitLibrary" value="/Users/wuhe/Public/jenkins/moonblink/HermitLibrary.git/build.xml" />
    <property name="user.name" value="wuhe" />
    <property name="user.language" value="zh" />
    <property name="sun.boot.library.path" value="/Library/Java/JavaVirtualMachines/jdk1.7.0_21.jdk/Contents/Home/jre/lib" />
    <property name="ant.project.default-target" value="test" />
    <property name="ant.project.name" value="HermitLibrary" />
    <property name="java.version" value="1.7.0_21" />
    <property name="user.timezone" value="" />
    <property name="sun.arch.data.model" value="64" />
    <property name="http.nonProxyHosts" value="local„ÄÅ169.254/16|*.local„ÄÅ169.254/16" />
    <property name="java.endorsed.dirs" value="/Library/Java/JavaVirtualMachines/jdk1.7.0_21.jdk/Contents/Home/jre/lib/endorsed" />
    <property name="sun.cpu.isalist" value="" />
    <property name="sun.jnu.encoding" value="UTF-8" />
    <property name="file.encoding.pkg" value="sun.io" />
    <property name="ant.file.type.HermitLibrary" value="file" />
    <property name="file.separator" value="/" />
    <property name="java.specification.name" value="Java Platform API Specification" />
    <property name="java.class.version" value="51.0" />
    <property name="user.country" value="CN" />
    <property name="java.home" value="/Library/Java/JavaVirtualMachines/jdk1.7.0_21.jdk/Contents/Home/jre" />
    <property name="java.vm.info" value="mixed mode" />
    <property name="ant.file" value="/Users/wuhe/Public/jenkins/moonblink/HermitLibrary.git/build.xml" />
    <property name="os.version" value="10.8.3" />
    <property name="path.separator" value=":" />
    <property name="java.vm.version" value="23.21-b01" />
    <property name="ant.library.dir" value="/usr/share/ant/lib" />
    <property name="java.awt.printerjob" value="sun.lwawt.macosx.CPrinterJob" />
    <property name="sun.io.unicode.encoding" value="UnicodeBig" />
    <property name="src-main" value="/Users/wuhe/Public/jenkins/moonblink/HermitLibrary.git/src" />
    <property name="awt.toolkit" value="sun.lwawt.macosx.LWCToolkit" />
    <property name="socksNonProxyHosts" value="local„ÄÅ169.254/16|*.local„ÄÅ169.254/16" />
    <property name="ftp.nonProxyHosts" value="local„ÄÅ169.254/16|*.local„ÄÅ169.254/16" />
    <property name="target-classes" value="/Users/wuhe/Public/jenkins/moonblink/HermitLibrary.git/bin" />
    <property name="target-test-reports" value="/Users/wuhe/Public/jenkins/moonblink/HermitLibrary.git/test-reports" />
    <property name="user.home" value="/Users/wuhe" />
    <property name="target" value="/Users/wuhe/Public/jenkins/moonblink/HermitLibrary.git/bin" />
    <property name="java.specification.vendor" value="Oracle Corporation" />
    <property name="java.library.path" value="/Users/wuhe/Library/Java/Extensions:/Library/Java/Extensions:/Network/Library/Java/Extensions:/System/Library/Java/Extensions:/usr/lib/java:." />
    <property name="java.vendor.url" value="http://java.oracle.com/" />
    <property name="java.vm.vendor" value="Oracle Corporation" />
    <property name="gopherProxySet" value="false" />
    <property name="java.runtime.name" value="Java(TM) SE Runtime Environment" />
    <property name="sun.java.command" value="org.apache.tools.ant.taskdefs.optional.junit.JUnitTestRunner org.hermit.test.astro.TestPosition filtertrace=true haltOnError=false haltOnFailure=true formatter=org.apache.tools.ant.taskdefs.optional.junit.SummaryJUnitResultFormatter showoutput=true outputtoformatters=true logfailedtests=true logtestlistenerevents=false formatter=org.apache.tools.ant.taskdefs.optional.junit.XMLJUnitResultFormatter,/Users/wuhe/Public/jenkins/moonblink/HermitLibrary.git/test-reports/TEST-org.hermit.test.astro.TestPosition.xml formatter=org.apache.tools.ant.taskdefs.optional.junit.PlainJUnitResultFormatter crashfile=/Users/wuhe/Public/jenkins/moonblink/HermitLibrary.git/junitvmwatcher8439112526091592702.properties propsfile=/Users/wuhe/Public/jenkins/moonblink/HermitLibrary.git/junit3398057349385203375.properties" />
    <property name="java.class.path" value="/Users/wuhe/Public/jenkins/moonblink/HermitLibrary.git/src:/Users/wuhe/Public/jenkins/moonblink/HermitLibrary.git/bin:/Users/wuhe/Public/jenkins/moonblink/HermitLibrary.git/bin/tests:/Users/wuhe/Public/jenkins/moonblink/HermitLibrary.git/lib/HermitLibrary.jar:/Users/wuhe/Public/jenkins/moonblink/HermitLibrary.git/lib/junit.jar:/usr/share/java/ant-1.8.2/lib/ant-launcher.jar:/usr/share/ant/lib/ant.jar:/usr/share/ant/lib/ant-junit.jar:/usr/share/ant/lib/ant-junit4.jar" />
    <property name="ant.version" value="Apache Ant(TM) version 1.8.2 compiled on June 16 2012" />
    <property name="target-test-classes" value="/Users/wuhe/Public/jenkins/moonblink/HermitLibrary.git/bin/tests" />
    <property name="java.vm.specification.name" value="Java Virtual Machine Specification" />
    <property name="ant.file.type" value="file" />
    <property name="java.vm.specification.version" value="1.7" />
    <property name="sun.cpu.endian" value="little" />
    <property name="sun.os.patch.level" value="unknown" />
    <property name="java.io.tmpdir" value="/var/folders/g_/s8_43t317nd7d0x84y3g9msm0000gn/T/" />
    <property name="java.vendor.url.bug" value="http://bugreport.sun.com/bugreport/" />
    <property name="os.arch" value="x86_64" />
    <property name="java.awt.graphicsenv" value="sun.awt.CGraphicsEnvironment" />
    <property name="java.ext.dirs" value="/Users/wuhe/Library/Java/Extensions:/Library/Java/JavaVirtualMachines/jdk1.7.0_21.jdk/Contents/Home/jre/lib/ext:/Library/Java/Extensions:/Network/Library/Java/Extensions:/System/Library/Java/Extensions:/usr/lib/java" />
    <property name="user.dir" value="/Users/wuhe/Public/jenkins/moonblink/HermitLibrary.git" />
    <property name="line.separator" value="&#xa;" />
    <property name="java.vm.name" value="Java HotSpot(TM) 64-Bit Server VM" />
    <property name="basedir" value="/Users/wuhe/Public/jenkins/moonblink/HermitLibrary.git" />
    <property name="ant.java.version" value="1.7" />
    <property name="ant.core.lib" value="/usr/share/ant/lib/ant.jar" />
    <property name="file.encoding" value="UTF-8" />
    <property name="src-test" value="/Users/wuhe/Public/jenkins/moonblink/HermitLibrary.git/test" />
    <property name="java.specification.version" value="1.7" />
    <property name="ant.project.invoked-targets" value="test" />
  </properties>
  <testcase classname="org.hermit.test.astro.TestPosition" name="testVenusHe" time="0.026" />
  <testcase classname="org.hermit.test.astro.TestPosition" name="testSunEq" time="0.0" />
  <testcase classname="org.hermit.test.astro.TestPosition" name="testMoonEq" time="0.0" />
  <testcase classname="org.hermit.test.astro.TestPosition" name="testMercuryEq" time="0.0" />
  <testcase classname="org.hermit.test.astro.TestPosition" name="testVenusEq" time="0.0" />
  <testcase classname="org.hermit.test.astro.TestPosition" name="testMarsEq" time="0.001" />
  <testcase classname="org.hermit.test.astro.TestPosition" name="testJupiterEq" time="0.0" />
  <testcase classname="org.hermit.test.astro.TestPosition" name="testSaturnEq" time="0.001" />
  <testcase classname="org.hermit.test.astro.TestPosition" name="testUranusEq" time="0.0" />
  <testcase classname="org.hermit.test.astro.TestPosition" name="testNeptuneEq" time="0.001" />
  <testcase classname="org.hermit.test.astro.TestPosition" name="testVenusHoriz" time="0.0" />
  <system-out><![CDATA[]]></system-out>
  <system-err><![CDATA[]]></system-err>
</testsuite>
