<?xml version="1.0" encoding="UTF-8" ?>
<testsuite errors="0" failures="0" hostname="MacAirHeWu.local" name="org.hermit.test.geo.PoiTest" tests="1" time="0.087" timestamp="2013-05-19T02:48:26">
  <properties>
    <property name="java.vendor" value="Oracle Corporation" />
    <property name="sun.java.launcher" value="SUN_STANDARD" />
    <property name="sun.management.compiler" value="HotSpot 64-Bit Tiered Compilers" />
    <property name="os.name" value="Mac OS X" />
    <property name="sun.boot.class.path" value="/Library/Java/JavaVirtualMachines/jdk1.7.0_21.jdk/Contents/Home/jre/lib/resources.jar:/Library/Java/JavaVirtualMachines/jdk1.7.0_21.jdk/Contents/Home/jre/lib/rt.jar:/Library/Java/JavaVirtualMachines/jdk1.7.0_21.jdk/Contents/Home/jre/lib/sunrsasign.jar:/Library/Java/JavaVirtualMachines/jdk1.7.0_21.jdk/Contents/Home/jre/lib/jsse.jar:/Library/Java/JavaVirtualMachines/jdk1.7.0_21.jdk/Contents/Home/jre/lib/jce.jar:/Library/Java/JavaVirtualMachines/jdk1.7.0_21.jdk/Contents/Home/jre/lib/charsets.jar:/Library/Java/JavaVirtualMachines/jdk1.7.0_21.jdk/Contents/Home/jre/lib/jfr.jar:/Library/Java/JavaVirtualMachines/jdk1.7.0_21.jdk/Contents/Home/jre/lib/JObjC.jar:/Library/Java/JavaVirtualMachines/jdk1.7.0_21.jdk/Contents/Home/jre/classes" />
    <property name="java.vm.specification.vendor" value="Oracle Corporation" />
    <property name="ant.home" value="/usr/share/ant" />
    <property name="java.runtime.version" value="1.7.0_21-b12" />
    <property name="ant.file.HermitLibrary" value="/Users/wuhe/Public/jenkins/moonblink/HermitLibrary.git/build.xml" />
    <property name="user.name" value="wuhe" />
    <property name="user.language" value="zh" />
    <property name="sun.boot.library.path" value="/Library/Java/JavaVirtualMachines/jdk1.7.0_21.jdk/Contents/Home/jre/lib" />
    <property name="ant.project.default-target" value="test" />
    <property name="ant.project.name" value="HermitLibrary" />
    <property name="java.version" value="1.7.0_21" />
    <property name="user.timezone" value="" />
    <property name="sun.arch.data.model" value="64" />
    <property name="http.nonProxyHosts" value="local„ÄÅ169.254/16|*.local„ÄÅ169.254/16" />
    <property name="java.endorsed.dirs" value="/Library/Java/JavaVirtualMachines/jdk1.7.0_21.jdk/Contents/Home/jre/lib/endorsed" />
    <property name="sun.cpu.isalist" value="" />
    <property name="sun.jnu.encoding" value="UTF-8" />
    <property name="file.encoding.pkg" value="sun.io" />
    <property name="ant.file.type.HermitLibrary" value="file" />
    <property name="file.separator" value="/" />
    <property name="java.specification.name" value="Java Platform API Specification" />
    <property name="java.class.version" value="51.0" />
    <property name="user.country" value="CN" />
    <property name="java.home" value="/Library/Java/JavaVirtualMachines/jdk1.7.0_21.jdk/Contents/Home/jre" />
    <property name="java.vm.info" value="mixed mode" />
    <property name="ant.file" value="/Users/wuhe/Public/jenkins/moonblink/HermitLibrary.git/build.xml" />
    <property name="os.version" value="10.8.3" />
    <property name="path.separator" value=":" />
    <property name="java.vm.version" value="23.21-b01" />
    <property name="ant.library.dir" value="/usr/share/ant/lib" />
    <property name="java.awt.printerjob" value="sun.lwawt.macosx.CPrinterJob" />
    <property name="sun.io.unicode.encoding" value="UnicodeBig" />
    <property name="src-main" value="/Users/wuhe/Public/jenkins/moonblink/HermitLibrary.git/src" />
    <property name="awt.toolkit" value="sun.lwawt.macosx.LWCToolkit" />
    <property name="socksNonProxyHosts" value="local„ÄÅ169.254/16|*.local„ÄÅ169.254/16" />
    <property name="ftp.nonProxyHosts" value="local„ÄÅ169.254/16|*.local„ÄÅ169.254/16" />
    <property name="target-classes" value="/Users/wuhe/Public/jenkins/moonblink/HermitLibrary.git/bin" />
    <property name="target-test-reports" value="/Users/wuhe/Public/jenkins/moonblink/HermitLibrary.git/test-reports" />
    <property name="user.home" value="/Users/wuhe" />
    <property name="target" value="/Users/wuhe/Public/jenkins/moonblink/HermitLibrary.git/bin" />
    <property name="java.specification.vendor" value="Oracle Corporation" />
    <property name="java.library.path" value="/Users/wuhe/Library/Java/Extensions:/Library/Java/Extensions:/Network/Library/Java/Extensions:/System/Library/Java/Extensions:/usr/lib/java:." />
    <property name="java.vendor.url" value="http://java.oracle.com/" />
    <property name="java.vm.vendor" value="Oracle Corporation" />
    <property name="gopherProxySet" value="false" />
    <property name="java.runtime.name" value="Java(TM) SE Runtime Environment" />
    <property name="sun.java.command" value="org.apache.tools.ant.taskdefs.optional.junit.JUnitTestRunner org.hermit.test.geo.PoiTest filtertrace=true haltOnError=false haltOnFailure=true formatter=org.apache.tools.ant.taskdefs.optional.junit.SummaryJUnitResultFormatter showoutput=true outputtoformatters=true logfailedtests=true logtestlistenerevents=false formatter=org.apache.tools.ant.taskdefs.optional.junit.XMLJUnitResultFormatter,/Users/wuhe/Public/jenkins/moonblink/HermitLibrary.git/test-reports/TEST-org.hermit.test.geo.PoiTest.xml formatter=org.apache.tools.ant.taskdefs.optional.junit.PlainJUnitResultFormatter crashfile=/Users/wuhe/Public/jenkins/moonblink/HermitLibrary.git/junitvmwatcher6155037526537746213.properties propsfile=/Users/wuhe/Public/jenkins/moonblink/HermitLibrary.git/junit5826999255114698903.properties" />
    <property name="java.class.path" value="/Users/wuhe/Public/jenkins/moonblink/HermitLibrary.git/src:/Users/wuhe/Public/jenkins/moonblink/HermitLibrary.git/bin:/Users/wuhe/Public/jenkins/moonblink/HermitLibrary.git/bin/tests:/Users/wuhe/Public/jenkins/moonblink/HermitLibrary.git/lib/HermitLibrary.jar:/Users/wuhe/Public/jenkins/moonblink/HermitLibrary.git/lib/junit.jar:/usr/share/java/ant-1.8.2/lib/ant-launcher.jar:/usr/share/ant/lib/ant.jar:/usr/share/ant/lib/ant-junit.jar:/usr/share/ant/lib/ant-junit4.jar" />
    <property name="ant.version" value="Apache Ant(TM) version 1.8.2 compiled on June 16 2012" />
    <property name="target-test-classes" value="/Users/wuhe/Public/jenkins/moonblink/HermitLibrary.git/bin/tests" />
    <property name="java.vm.specification.name" value="Java Virtual Machine Specification" />
    <property name="ant.file.type" value="file" />
    <property name="java.vm.specification.version" value="1.7" />
    <property name="sun.cpu.endian" value="little" />
    <property name="sun.os.patch.level" value="unknown" />
    <property name="java.io.tmpdir" value="/var/folders/g_/s8_43t317nd7d0x84y3g9msm0000gn/T/" />
    <property name="java.vendor.url.bug" value="http://bugreport.sun.com/bugreport/" />
    <property name="os.arch" value="x86_64" />
    <property name="java.awt.graphicsenv" value="sun.awt.CGraphicsEnvironment" />
    <property name="java.ext.dirs" value="/Users/wuhe/Library/Java/Extensions:/Library/Java/JavaVirtualMachines/jdk1.7.0_21.jdk/Contents/Home/jre/lib/ext:/Library/Java/Extensions:/Network/Library/Java/Extensions:/System/Library/Java/Extensions:/usr/lib/java" />
    <property name="user.dir" value="/Users/wuhe/Public/jenkins/moonblink/HermitLibrary.git" />
    <property name="line.separator" value="&#xa;" />
    <property name="java.vm.name" value="Java HotSpot(TM) 64-Bit Server VM" />
    <property name="basedir" value="/Users/wuhe/Public/jenkins/moonblink/HermitLibrary.git" />
    <property name="ant.java.version" value="1.7" />
    <property name="ant.core.lib" value="/usr/share/ant/lib/ant.jar" />
    <property name="file.encoding" value="UTF-8" />
    <property name="src-test" value="/Users/wuhe/Public/jenkins/moonblink/HermitLibrary.git/test" />
    <property name="java.specification.version" value="1.7" />
    <property name="ant.project.invoked-targets" value="test" />
  </properties>
  <testcase classname="org.hermit.test.geo.PoiTest" name="testPoi" time="0.041" />
  <system-out><![CDATA[  90.000 -> The North Pole
  90.000 -> The North Pole
  89.999 -> The Arctic, 196 feet south of The North Pole
  89.996 -> The Arctic, 0.2 nm south of The North Pole
  89.935 -> The Arctic, 3.9 nm south of The North Pole
  88.072 -> The Arctic, 116 nm south of The North Pole
  86.167 -> The Arctic
  70.394 -> The Arctic
  68.488 -> The Arctic, 116 nm north of The Arctic Circle
  66.625 -> The Arctic, 3.9 nm north of The Arctic Circle
  66.564 -> The Arctic, 0.2 nm north of The Arctic Circle
  66.561 -> The Arctic, 196 feet north of The Arctic Circle
  66.561 -> The Arctic Circle
  66.561 -> The Arctic Circle
  66.560 -> The Arctic Circle
  66.560 -> 196 feet south of The Arctic Circle
  66.557 -> 0.2 nm south of The Arctic Circle
  66.496 -> 3.9 nm south of The Arctic Circle
  64.633 -> 116 nm south of The Arctic Circle
  62.727 -> 230 nm south of The Arctic Circle
  27.273 -> 230 nm north of The Tropic of Cancer
  25.367 -> 116 nm north of The Tropic of Cancer
  23.504 -> 3.9 nm north of The Tropic of Cancer
  23.443 -> 0.2 nm north of The Tropic of Cancer
  23.440 -> 196 feet north of The Tropic of Cancer
  23.440 -> The Tropic of Cancer
  23.439 -> The Tropic of Cancer
  23.439 -> The Tropic of Cancer
  23.439 -> The Northern Tropics, 196 feet south of The Tropic of Cancer
  23.436 -> The Northern Tropics, 0.2 nm south of The Tropic of Cancer
  23.375 -> The Northern Tropics, 3.9 nm south of The Tropic of Cancer
  21.512 -> The Northern Tropics, 116 nm south of The Tropic of Cancer
  19.606 -> The Northern Tropics
   3.833 -> The Northern Tropics
   1.928 -> The Northern Tropics, 116 nm north of The Equator
   0.065 -> The Northern Tropics, 3.9 nm north of The Equator
   0.004 -> The Northern Tropics, 0.2 nm north of The Equator
   0.001 -> The Northern Tropics, 196 feet north of The Equator
   0.000 -> The Equator
   0.000 -> The Equator
  -0.000 -> The Equator
  -0.001 -> The Southern Tropics, 196 feet south of The Equator
  -0.004 -> The Southern Tropics, 0.2 nm south of The Equator
  -0.065 -> The Southern Tropics, 3.9 nm south of The Equator
  -1.928 -> The Southern Tropics, 116 nm south of The Equator
  -3.833 -> The Southern Tropics
 -19.606 -> The Southern Tropics
 -21.512 -> The Southern Tropics, 116 nm north of The Tropic of Capricorn
 -23.375 -> The Southern Tropics, 3.9 nm north of The Tropic of Capricorn
 -23.436 -> The Southern Tropics, 0.2 nm north of The Tropic of Capricorn
 -23.439 -> The Southern Tropics, 196 feet north of The Tropic of Capricorn
 -23.439 -> The Tropic of Capricorn
 -23.439 -> The Tropic of Capricorn
 -23.440 -> The Tropic of Capricorn
 -23.440 -> 196 feet south of The Tropic of Capricorn
 -23.443 -> 0.2 nm south of The Tropic of Capricorn
 -23.504 -> 3.9 nm south of The Tropic of Capricorn
 -25.367 -> 116 nm south of The Tropic of Capricorn
 -27.273 -> 230 nm south of The Tropic of Capricorn
 -36.167 -> 628 nm west of The Greenwich Meridian
 -38.072 -> 613 nm west of The Greenwich Meridian
 -39.935 -> 597 nm west of The Greenwich Meridian
 -39.996 -> 596 nm west of The Greenwich Meridian
 -39.999 -> 596 nm west of The Greenwich Meridian
 -40.000 -> 596 nm west of The Greenwich Meridian
 -40.000 -> The Roaring Forties
 -40.000 -> The Roaring Forties
 -40.001 -> The Roaring Forties
 -40.004 -> The Roaring Forties
 -40.065 -> The Roaring Forties
 -41.928 -> The Roaring Forties
 -43.833 -> The Roaring Forties
 -46.167 -> The Roaring Forties
 -48.072 -> The Roaring Forties
 -49.935 -> The Roaring Forties
 -49.996 -> The Roaring Forties
 -49.999 -> The Roaring Forties
 -50.000 -> The Roaring Forties
 -50.000 -> The Roaring Forties
 -50.000 -> The Furious Fifties
 -50.001 -> The Furious Fifties
 -50.004 -> The Furious Fifties
 -50.065 -> The Furious Fifties
 -51.928 -> The Furious Fifties
 -53.833 -> The Furious Fifties
 -62.727 -> The Screaming Sixties
 -64.633 -> The Screaming Sixties, 116 nm north of The Antarctic Circle
 -66.496 -> The Screaming Sixties, 3.9 nm north of The Antarctic Circle
 -66.557 -> The Screaming Sixties, 0.2 nm north of The Antarctic Circle
 -66.560 -> The Screaming Sixties, 196 feet north of The Antarctic Circle
 -66.560 -> The Antarctic Circle
 -66.561 -> The Antarctic Circle
 -66.561 -> The Antarctic Circle
 -66.561 -> The Antarctic, 196 feet south of The Antarctic Circle
 -66.564 -> The Antarctic, 0.2 nm south of The Antarctic Circle
 -66.625 -> The Antarctic, 3.9 nm south of The Antarctic Circle
 -68.488 -> The Antarctic, 116 nm south of The Antarctic Circle
 -70.394 -> The Antarctic
 -86.167 -> The Antarctic
 -88.072 -> The Antarctic, 116 nm north of The South Pole
 -89.935 -> The Antarctic, 3.9 nm north of The South Pole
 -89.996 -> The Antarctic, 0.2 nm north of The South Pole
 -89.999 -> The Antarctic, 196 feet north of The South Pole
 -90.000 -> The South Pole
 -90.000 -> The South Pole

 -43.317,-122.883 -> The Roaring Forties
 -45.222,-124.789 -> The Roaring Forties, 141 nm from R'lyeh
 -47.085,-126.652 -> The Roaring Forties, 4.7 nm from R'lyeh
 -47.146,-126.713 -> The Roaring Forties, 0.3 nm from R'lyeh
 -47.149,-126.716 -> The Roaring Forties, 238 feet from R'lyeh
 -47.150,-126.717 -> The Roaring Forties, 68 feet from R'lyeh
 -47.150,-126.717 -> R'lyeh
 -47.150,-126.717 -> The Roaring Forties, 68 feet from R'lyeh
 -47.151,-126.717 -> The Roaring Forties, 238 feet from R'lyeh
 -47.154,-126.720 -> The Roaring Forties, 0.3 nm from R'lyeh
 -47.215,-126.781 -> The Roaring Forties, 4.7 nm from R'lyeh
 -49.078,-128.645 -> The Roaring Forties, 139 nm from R'lyeh
 -50.983,-130.550 -> The Furious Fifties
]]></system-out>
  <system-err><![CDATA[]]></system-err>
</testsuite>
